0 info it worked if it ends with ok
1 verbose cli [ '/usr/bin/node', '/usr/bin/npm', 'install' ]
2 info using npm@6.14.12
3 info using node@v10.24.1
4 verbose npm-session 99adfd38b9391c7d
5 silly install runPreinstallTopLevelLifecycles
6 silly preinstall ghibli@0.0.1
7 info lifecycle ghibli@0.0.1~preinstall: ghibli@0.0.1
8 silly install loadCurrentTree
9 silly install readLocalPackageData
10 timing stage:loadCurrentTree Completed in 10ms
11 silly install loadIdealTree
12 silly install cloneCurrentTreeToIdealTree
13 timing stage:loadIdealTree:cloneCurrentTree Completed in 1ms
14 silly install loadShrinkwrap
15 warn read-shrinkwrap This version of npm is compatible with lockfileVersion@1, but package-lock.json was generated for lockfileVersion@2. I'll try to do my best with it!
16 timing stage:loadIdealTree:loadShrinkwrap Completed in 747ms
17 silly install loadAllDepsIntoIdealTree
18 http fetch GET 200 https://registry.npmjs.org/fsevents 128ms
19 http fetch GET 200 https://registry.npmjs.org/fsevents/-/fsevents-2.3.2.tgz 46ms
20 silly pacote range manifest for fsevents@^2.1.2 fetched in 188ms
21 silly resolveWithNewModule fsevents@2.3.2 checking installable status
22 verbose stack RangeError: Maximum call stack size exceeded
22 verbose stack     at RegExp.test (<anonymous>)
22 verbose stack     at isDepOptional (/usr/lib/node_modules/npm/lib/install/deps.js:425:27)
22 verbose stack     at failedDependency (/usr/lib/node_modules/npm/lib/install/deps.js:441:9)
22 verbose stack     at failedDependency (/usr/lib/node_modules/npm/lib/install/deps.js:457:9)
22 verbose stack     at failedDependency (/usr/lib/node_modules/npm/lib/install/deps.js:457:9)
22 verbose stack     at failedDependency (/usr/lib/node_modules/npm/lib/install/deps.js:457:9)
22 verbose stack     at failedDependency (/usr/lib/node_modules/npm/lib/install/deps.js:457:9)
22 verbose stack     at failedDependency (/usr/lib/node_modules/npm/lib/install/deps.js:457:9)
22 verbose stack     at failedDependency (/usr/lib/node_modules/npm/lib/install/deps.js:457:9)
22 verbose stack     at failedDependency (/usr/lib/node_modules/npm/lib/install/deps.js:457:9)
22 verbose stack     at failedDependency (/usr/lib/node_modules/npm/lib/install/deps.js:457:9)
22 verbose stack     at failedDependency (/usr/lib/node_modules/npm/lib/install/deps.js:457:9)
22 verbose stack     at failedDependency (/usr/lib/node_modules/npm/lib/install/deps.js:457:9)
22 verbose stack     at failedDependency (/usr/lib/node_modules/npm/lib/install/deps.js:457:9)
22 verbose stack     at failedDependency (/usr/lib/node_modules/npm/lib/install/deps.js:457:9)
22 verbose stack     at failedDependency (/usr/lib/node_modules/npm/lib/install/deps.js:457:9)
23 verbose cwd /BeTheCharacter/ghibli
24 verbose Linux 5.10.16.3-microsoft-standard-WSL2
25 verbose argv "/usr/bin/node" "/usr/bin/npm" "install"
26 verbose node v10.24.1
27 verbose npm  v6.14.12
28 error Maximum call stack size exceeded
29 verbose exit [ 1, true ]
